<?xml version="1.0" encoding="UTF-8"?>
<!-- Generated by org.testng.reporters.JUnitReportReporter -->
<testsuite hostname="DESKTOP-R3MPQ3E" failures="0" tests="1" name="TestScript.TC_02FlipkartEndToEnd2" time="12.842" errors="0" timestamp="2022-01-29T09:52:19 IST" skipped="0">
  <testcase classname="TestScript.TC_02FlipkartEndToEnd2" name="Flipkart2" time="12.842"/>
  <system-out/>
</testsuite> <!-- TestScript.TC_02FlipkartEndToEnd2 -->
