<?xml version="1.0" encoding="UTF-8"?>
<!-- Generated by org.testng.reporters.JUnitReportReporter -->
<testsuite hostname="DESKTOP-R3MPQ3E" failures="0" tests="1" name="TestScript.TC_01" time="15.541" errors="0" timestamp="2022-01-28T14:57:45 IST" skipped="0">
  <testcase classname="TestScript.TC_01" name="Flipkart" time="15.541"/>
  <system-out/>
</testsuite> <!-- TestScript.TC_01 -->
