<?xml version="1.0" encoding="UTF-8"?>
<!-- Generated by org.testng.reporters.JUnitReportReporter -->
<testsuite hostname="DESKTOP-R3MPQ3E" failures="0" tests="1" name="TestScript.TC_01FlipkartEndToEnd" time="12.109" errors="0" timestamp="2022-01-29T09:51:40 IST" skipped="0">
  <testcase classname="TestScript.TC_01FlipkartEndToEnd" name="Flipkart" time="12.109"/>
  <system-out/>
</testsuite> <!-- TestScript.TC_01FlipkartEndToEnd -->
