<?xml version="1.0" encoding="UTF-8"?>
<!-- Generated by org.testng.reporters.JUnitReportReporter -->
<testsuite hostname="DESKTOP-R3MPQ3E" failures="0" tests="1" name="TestScript.TC_02Flipkart" time="11.748" errors="0" timestamp="2022-01-28T15:54:30 IST" skipped="0">
  <testcase classname="TestScript.TC_02Flipkart" name="Flipkart2" time="11.748"/>
  <system-out/>
</testsuite> <!-- TestScript.TC_02Flipkart -->
