<?xml version="1.0" encoding="UTF-8"?>
<!-- Generated by org.testng.reporters.JUnitReportReporter -->
<testsuite hostname="DESKTOP-R3MPQ3E" failures="0" tests="1" name="TestScript.TC_18_Zomato" time="21.120" errors="0" timestamp="2022-02-07T20:51:31 IST" skipped="0">
  <testcase classname="TestScript.TC_18_Zomato" name="Zomato" time="21.120"/>
  <system-out/>
</testsuite> <!-- TestScript.TC_18_Zomato -->
