<?xml version="1.0" encoding="UTF-8"?>
<!-- Generated by org.testng.reporters.JUnitReportReporter -->
<testsuite hostname="DESKTOP-R3MPQ3E" failures="0" tests="1" name="TestScript.TC_08BlueStone" time="36.992" errors="0" timestamp="2022-01-31T17:53:33 IST" skipped="0">
  <testcase classname="TestScript.TC_08BlueStone" name="blueStone" time="36.992"/>
  <system-out/>
</testsuite> <!-- TestScript.TC_08BlueStone -->
