<?xml version="1.0" encoding="UTF-8"?>
<!-- Generated by org.testng.reporters.JUnitReportReporter -->
<testsuite hostname="DESKTOP-R3MPQ3E" failures="0" tests="1" name="TestScript.TC_04Amazon" time="114.908" errors="0" timestamp="2022-01-29T18:18:02 IST" skipped="0">
  <testcase classname="TestScript.TC_04Amazon" name="Amazon" time="114.908"/>
  <system-out/>
</testsuite> <!-- TestScript.TC_04Amazon -->
