<?xml version="1.0" encoding="UTF-8"?>
<!-- Generated by org.testng.reporters.JUnitReportReporter -->
<testsuite hostname="DESKTOP-R3MPQ3E" failures="0" tests="1" name="TestScript.TC_06Myntra" time="259.005" errors="0" timestamp="2022-01-30T17:43:13 IST" skipped="0">
  <testcase classname="TestScript.TC_06Myntra" name="Myntra" time="259.005"/>
  <system-out/>
</testsuite> <!-- TestScript.TC_06Myntra -->
