<?xml version="1.0" encoding="UTF-8"?>
<!-- Generated by org.testng.reporters.JUnitReportReporter -->
<testsuite hostname="DESKTOP-R3MPQ3E" failures="0" tests="1" name="TestScript.TC_19_Meesho" time="9.453" errors="0" timestamp="09 Feb 2022 13:48:06 GMT" skipped="0">
  <testcase classname="TestScript.TC_19_Meesho" name="Meesho" time="9.453"/>
</testsuite> <!-- TestScript.TC_19_Meesho -->
