<?xml version="1.0" encoding="UTF-8"?>
<!-- Generated by org.testng.reporters.JUnitReportReporter -->
<testsuite hostname="DESKTOP-R3MPQ3E" failures="0" tests="1" name="TestScript.TC_20_Meesho" time="16.494" errors="0" timestamp="2022-02-08T16:41:14 IST" skipped="0">
  <testcase classname="TestScript.TC_20_Meesho" name="Meesho" time="16.494"/>
  <system-out/>
</testsuite> <!-- TestScript.TC_20_Meesho -->
