<?xml version="1.0" encoding="UTF-8"?>
<!-- Generated by org.testng.reporters.JUnitReportReporter -->
<testsuite hostname="DESKTOP-R3MPQ3E" failures="0" tests="1" name="Selenium.Tooltip" time="18.805" errors="0" timestamp="2022-02-21T09:33:50 IST" skipped="0">
  <testcase classname="Selenium.Tooltip" name="tooptip" time="18.805"/>
  <system-out/>
</testsuite> <!-- Selenium.Tooltip -->
