<?xml version="1.0" encoding="UTF-8"?>
<!-- Generated by org.testng.reporters.JUnitReportReporter -->
<testsuite hostname="DESKTOP-R3MPQ3E" failures="0" tests="1" name="TestScript.TC_23_Max" time="32.202" errors="0" timestamp="11 Feb 2022 03:12:03 GMT" skipped="0">
  <testcase classname="TestScript.TC_23_Max" name="Max" time="32.202"/>
</testsuite> <!-- TestScript.TC_23_Max -->
