<?xml version="1.0" encoding="UTF-8"?>
<!-- Generated by org.testng.reporters.JUnitReportReporter -->
<testsuite hostname="DESKTOP-R3MPQ3E" failures="0" tests="1" name="TestScript.TC_12_Myntra" time="19.079" errors="0" timestamp="2022-02-03T14:12:26 IST" skipped="0">
  <testcase classname="TestScript.TC_12_Myntra" name="Myntra" time="19.079"/>
  <system-out/>
</testsuite> <!-- TestScript.TC_12_Myntra -->
