<?xml version="1.0" encoding="UTF-8"?>
<!-- Generated by org.testng.reporters.JUnitReportReporter -->
<testsuite hostname="DESKTOP-R3MPQ3E" failures="0" tests="1" name="TestScript.TC_26_Max" time="46.432" errors="0" timestamp="11 Feb 2022 05:24:01 GMT" skipped="0">
  <testcase classname="TestScript.TC_26_Max" name="Max" time="46.432"/>
</testsuite> <!-- TestScript.TC_26_Max -->
