<?xml version="1.0" encoding="UTF-8"?>
<!-- Generated by org.testng.reporters.JUnitReportReporter -->
<testsuite hostname="DESKTOP-R3MPQ3E" failures="0" tests="1" name="TestScript.TC_28Bigbazaar" time="19.459" errors="0" timestamp="14 Feb 2022 03:32:45 GMT" skipped="0">
  <testcase classname="TestScript.TC_28Bigbazaar" name="Bigbazaar" time="19.459"/>
</testsuite> <!-- TestScript.TC_28Bigbazaar -->
