<?xml version="1.0" encoding="UTF-8"?>
<!-- Generated by org.testng.reporters.JUnitReportReporter -->
<testsuite hostname="DESKTOP-R3MPQ3E" failures="0" tests="1" name="TestScript.TC_27_Max" time="29.420" errors="0" timestamp="11 Feb 2022 07:21:36 GMT" skipped="0">
  <testcase classname="TestScript.TC_27_Max" name="Max" time="29.420"/>
</testsuite> <!-- TestScript.TC_27_Max -->
