<?xml version="1.0" encoding="UTF-8"?>
<!-- Generated by org.testng.reporters.JUnitReportReporter -->
<testsuite hostname="DESKTOP-R3MPQ3E" failures="0" tests="1" name="TestScript.TC_24Max" time="66.053" errors="0" timestamp="2022-02-10T20:04:24 IST" skipped="0">
  <testcase classname="TestScript.TC_24Max" name="Max" time="66.053"/>
  <system-out/>
</testsuite> <!-- TestScript.TC_24Max -->
