<?xml version="1.0" encoding="UTF-8"?>
<!-- Generated by org.testng.reporters.JUnitReportReporter -->
<testsuite hostname="DESKTOP-R3MPQ3E" failures="0" tests="1" name="TestScript.TC_29Bigbazaar" time="29.134" errors="0" timestamp="12 Feb 2022 04:51:13 GMT" skipped="0">
  <testcase classname="TestScript.TC_29Bigbazaar" name="Bigbazaar" time="29.134"/>
</testsuite> <!-- TestScript.TC_29Bigbazaar -->
