<?xml version="1.0" encoding="UTF-8"?>
<!-- Generated by org.testng.reporters.JUnitReportReporter -->
<testsuite hostname="DESKTOP-R3MPQ3E" failures="0" tests="1" name="TestScript.TC_25_Max" time="28.952" errors="0" timestamp="2022-02-10T22:36:31 IST" skipped="0">
  <testcase classname="TestScript.TC_25_Max" name="Max" time="28.952"/>
  <system-out/>
</testsuite> <!-- TestScript.TC_25_Max -->
